0 info it worked if it ends with ok
1 verbose cli [ 'D:\\node\\node.exe',
1 verbose cli   'D:\\node\\node_modules\\npm\\bin\\npm-cli.js',
1 verbose cli   'rebuild',
1 verbose cli   'node-sass' ]
2 info using npm@1.4.9
3 info using node@v10.14.2
4 info readInstalled object
5 verbose rebuild path, id [ 'D:\\node\\todoApp\\node_modules\\node-sass',
5 verbose rebuild   'node-sass@4.11.0' ]
6 silly rebuild set [ 'D:\\node\\todoApp\\node_modules\\node-sass' ]
7 info build D:\node\todoApp\node_modules\node-sass
8 info preinstall node-sass@4.11.0
9 verbose linkStuff [ false, false, false, 'D:\\node\\todoApp\\node_modules' ]
10 info linkStuff node-sass@4.11.0
11 verbose linkBins node-sass@4.11.0
12 verbose link bins [ { 'node-sass': 'bin/node-sass' },
12 verbose link bins   'D:\\node\\todoApp\\node_modules\\.bin',
12 verbose link bins   false ]
13 verbose linkMans node-sass@4.11.0
14 verbose rebuildBundles node-sass@4.11.0
15 verbose rebuildBundles [ '.bin', 'cross-spawn' ]
16 info install node-sass@4.11.0
17 verbose unsafe-perm in lifecycle true
18 info postinstall node-sass@4.11.0
19 verbose unsafe-perm in lifecycle true
20 info node-sass@4.11.0 Failed to exec postinstall script
21 error node-sass@4.11.0 postinstall: `node scripts/build.js`
21 error Exit status 1
22 error Failed at the node-sass@4.11.0 postinstall script.
22 error This is most likely a problem with the node-sass package,
22 error not with npm itself.
22 error Tell the author that this fails on your system:
22 error     node scripts/build.js
22 error You can get their info via:
22 error     npm owner ls node-sass
22 error There is likely additional logging output above.
23 error System Windows_NT 10.0.17134
24 error command "D:\\node\\node.exe" "D:\\node\\node_modules\\npm\\bin\\npm-cli.js" "rebuild" "node-sass"
25 error cwd D:\node\todoApp
26 error node -v v10.14.2
27 error npm -v 1.4.9
28 error code ELIFECYCLE
29 verbose exit [ 1, true ]
